<?xml version="1.0" encoding="UTF-8"?>
<testsuite xmlns:xsi="http://www.w3.org/2001/XMLSchema-instance" xsi:noNamespaceSchemaLocation="https://maven.apache.org/surefire/maven-surefire-plugin/xsd/surefire-test-report.xsd" name="com.snail.Redis02SpringbootApplicationTests" time="18.442" tests="2" errors="1" skipped="0" failures="0">
  <properties>
    <property name="sun.desktop" value="windows"/>
    <property name="awt.toolkit" value="sun.awt.windows.WToolkit"/>
    <property name="file.encoding.pkg" value="sun.io"/>
    <property name="java.specification.version" value="1.8"/>
    <property name="sun.cpu.isalist" value="amd64"/>
    <property name="sun.jnu.encoding" value="GBK"/>
    <property name="java.class.path" value="D:\MyCode\SuperSnail\snail\redis-02-springboot\target\test-classes;D:\MyCode\SuperSnail\snail\redis-02-springboot\target\classes;D:\Software\Maven\mavendb\org\springframework\boot\spring-boot-starter-data-redis\2.4.0\spring-boot-starter-data-redis-2.4.0.jar;D:\Software\Maven\mavendb\org\springframework\boot\spring-boot-starter\2.4.0\spring-boot-starter-2.4.0.jar;D:\Software\Maven\mavendb\org\springframework\boot\spring-boot-starter-logging\2.4.0\spring-boot-starter-logging-2.4.0.jar;D:\Software\Maven\mavendb\ch\qos\logback\logback-classic\1.2.3\logback-classic-1.2.3.jar;D:\Software\Maven\mavendb\ch\qos\logback\logback-core\1.2.3\logback-core-1.2.3.jar;D:\Software\Maven\mavendb\org\apache\logging\log4j\log4j-to-slf4j\2.13.3\log4j-to-slf4j-2.13.3.jar;D:\Software\Maven\mavendb\org\apache\logging\log4j\log4j-api\2.13.3\log4j-api-2.13.3.jar;D:\Software\Maven\mavendb\org\slf4j\jul-to-slf4j\1.7.30\jul-to-slf4j-1.7.30.jar;D:\Software\Maven\mavendb\jakarta\annotation\jakarta.annotation-api\1.3.5\jakarta.annotation-api-1.3.5.jar;D:\Software\Maven\mavendb\org\yaml\snakeyaml\1.27\snakeyaml-1.27.jar;D:\Software\Maven\mavendb\org\springframework\data\spring-data-redis\2.4.1\spring-data-redis-2.4.1.jar;D:\Software\Maven\mavendb\org\springframework\data\spring-data-keyvalue\2.4.1\spring-data-keyvalue-2.4.1.jar;D:\Software\Maven\mavendb\org\springframework\data\spring-data-commons\2.4.1\spring-data-commons-2.4.1.jar;D:\Software\Maven\mavendb\org\springframework\spring-tx\5.3.1\spring-tx-5.3.1.jar;D:\Software\Maven\mavendb\org\springframework\spring-oxm\5.3.1\spring-oxm-5.3.1.jar;D:\Software\Maven\mavendb\org\springframework\spring-aop\5.3.1\spring-aop-5.3.1.jar;D:\Software\Maven\mavendb\org\springframework\spring-context-support\5.3.1\spring-context-support-5.3.1.jar;D:\Software\Maven\mavendb\org\slf4j\slf4j-api\1.7.30\slf4j-api-1.7.30.jar;D:\Software\Maven\mavendb\io\lettuce\lettuce-core\6.0.1.RELEASE\lettuce-core-6.0.1.RELEASE.jar;D:\Software\Maven\mavendb\io\netty\netty-common\4.1.54.Final\netty-common-4.1.54.Final.jar;D:\Software\Maven\mavendb\io\netty\netty-handler\4.1.54.Final\netty-handler-4.1.54.Final.jar;D:\Software\Maven\mavendb\io\netty\netty-resolver\4.1.54.Final\netty-resolver-4.1.54.Final.jar;D:\Software\Maven\mavendb\io\netty\netty-buffer\4.1.54.Final\netty-buffer-4.1.54.Final.jar;D:\Software\Maven\mavendb\io\netty\netty-codec\4.1.54.Final\netty-codec-4.1.54.Final.jar;D:\Software\Maven\mavendb\io\netty\netty-transport\4.1.54.Final\netty-transport-4.1.54.Final.jar;D:\Software\Maven\mavendb\io\projectreactor\reactor-core\3.4.0\reactor-core-3.4.0.jar;D:\Software\Maven\mavendb\org\reactivestreams\reactive-streams\1.0.3\reactive-streams-1.0.3.jar;D:\Software\Maven\mavendb\org\springframework\boot\spring-boot-starter-web\2.4.0\spring-boot-starter-web-2.4.0.jar;D:\Software\Maven\mavendb\org\springframework\boot\spring-boot-starter-json\2.4.0\spring-boot-starter-json-2.4.0.jar;D:\Software\Maven\mavendb\com\fasterxml\jackson\core\jackson-databind\2.11.3\jackson-databind-2.11.3.jar;D:\Software\Maven\mavendb\com\fasterxml\jackson\core\jackson-annotations\2.11.3\jackson-annotations-2.11.3.jar;D:\Software\Maven\mavendb\com\fasterxml\jackson\core\jackson-core\2.11.3\jackson-core-2.11.3.jar;D:\Software\Maven\mavendb\com\fasterxml\jackson\datatype\jackson-datatype-jdk8\2.11.3\jackson-datatype-jdk8-2.11.3.jar;D:\Software\Maven\mavendb\com\fasterxml\jackson\datatype\jackson-datatype-jsr310\2.11.3\jackson-datatype-jsr310-2.11.3.jar;D:\Software\Maven\mavendb\com\fasterxml\jackson\module\jackson-module-parameter-names\2.11.3\jackson-module-parameter-names-2.11.3.jar;D:\Software\Maven\mavendb\org\springframework\boot\spring-boot-starter-tomcat\2.4.0\spring-boot-starter-tomcat-2.4.0.jar;D:\Software\Maven\mavendb\org\apache\tomcat\embed\tomcat-embed-core\9.0.39\tomcat-embed-core-9.0.39.jar;D:\Software\Maven\mavendb\org\glassfish\jakarta.el\3.0.3\jakarta.el-3.0.3.jar;D:\Software\Maven\mavendb\org\apache\tomcat\embed\tomcat-embed-websocket\9.0.39\tomcat-embed-websocket-9.0.39.jar;D:\Software\Maven\mavendb\org\springframework\spring-web\5.3.1\spring-web-5.3.1.jar;D:\Software\Maven\mavendb\org\springframework\spring-beans\5.3.1\spring-beans-5.3.1.jar;D:\Software\Maven\mavendb\org\springframework\spring-webmvc\5.3.1\spring-webmvc-5.3.1.jar;D:\Software\Maven\mavendb\org\springframework\spring-context\5.3.1\spring-context-5.3.1.jar;D:\Software\Maven\mavendb\org\springframework\spring-expression\5.3.1\spring-expression-5.3.1.jar;D:\Software\Maven\mavendb\org\springframework\boot\spring-boot-devtools\2.4.0\spring-boot-devtools-2.4.0.jar;D:\Software\Maven\mavendb\org\springframework\boot\spring-boot\2.4.0\spring-boot-2.4.0.jar;D:\Software\Maven\mavendb\org\springframework\boot\spring-boot-autoconfigure\2.4.0\spring-boot-autoconfigure-2.4.0.jar;D:\Software\Maven\mavendb\org\springframework\boot\spring-boot-configuration-processor\2.4.0\spring-boot-configuration-processor-2.4.0.jar;D:\Software\Maven\mavendb\org\projectlombok\lombok\1.18.16\lombok-1.18.16.jar;D:\Software\Maven\mavendb\org\springframework\boot\spring-boot-starter-test\2.4.0\spring-boot-starter-test-2.4.0.jar;D:\Software\Maven\mavendb\org\springframework\boot\spring-boot-test\2.4.0\spring-boot-test-2.4.0.jar;D:\Software\Maven\mavendb\org\springframework\boot\spring-boot-test-autoconfigure\2.4.0\spring-boot-test-autoconfigure-2.4.0.jar;D:\Software\Maven\mavendb\com\jayway\jsonpath\json-path\2.4.0\json-path-2.4.0.jar;D:\Software\Maven\mavendb\net\minidev\json-smart\2.3\json-smart-2.3.jar;D:\Software\Maven\mavendb\net\minidev\accessors-smart\1.2\accessors-smart-1.2.jar;D:\Software\Maven\mavendb\org\ow2\asm\asm\5.0.4\asm-5.0.4.jar;D:\Software\Maven\mavendb\jakarta\xml\bind\jakarta.xml.bind-api\2.3.3\jakarta.xml.bind-api-2.3.3.jar;D:\Software\Maven\mavendb\jakarta\activation\jakarta.activation-api\1.2.2\jakarta.activation-api-1.2.2.jar;D:\Software\Maven\mavendb\org\assertj\assertj-core\3.18.1\assertj-core-3.18.1.jar;D:\Software\Maven\mavendb\org\hamcrest\hamcrest\2.2\hamcrest-2.2.jar;D:\Software\Maven\mavendb\org\junit\jupiter\junit-jupiter\5.7.0\junit-jupiter-5.7.0.jar;D:\Software\Maven\mavendb\org\junit\jupiter\junit-jupiter-api\5.7.0\junit-jupiter-api-5.7.0.jar;D:\Software\Maven\mavendb\org\apiguardian\apiguardian-api\1.1.0\apiguardian-api-1.1.0.jar;D:\Software\Maven\mavendb\org\opentest4j\opentest4j\1.2.0\opentest4j-1.2.0.jar;D:\Software\Maven\mavendb\org\junit\platform\junit-platform-commons\1.7.0\junit-platform-commons-1.7.0.jar;D:\Software\Maven\mavendb\org\junit\jupiter\junit-jupiter-params\5.7.0\junit-jupiter-params-5.7.0.jar;D:\Software\Maven\mavendb\org\junit\jupiter\junit-jupiter-engine\5.7.0\junit-jupiter-engine-5.7.0.jar;D:\Software\Maven\mavendb\org\junit\platform\junit-platform-engine\1.7.0\junit-platform-engine-1.7.0.jar;D:\Software\Maven\mavendb\org\mockito\mockito-core\3.6.0\mockito-core-3.6.0.jar;D:\Software\Maven\mavendb\net\bytebuddy\byte-buddy\1.10.18\byte-buddy-1.10.18.jar;D:\Software\Maven\mavendb\net\bytebuddy\byte-buddy-agent\1.10.18\byte-buddy-agent-1.10.18.jar;D:\Software\Maven\mavendb\org\objenesis\objenesis\3.1\objenesis-3.1.jar;D:\Software\Maven\mavendb\org\mockito\mockito-junit-jupiter\3.6.0\mockito-junit-jupiter-3.6.0.jar;D:\Software\Maven\mavendb\org\skyscreamer\jsonassert\1.5.0\jsonassert-1.5.0.jar;D:\Software\Maven\mavendb\com\vaadin\external\google\android-json\0.0.20131108.vaadin1\android-json-0.0.20131108.vaadin1.jar;D:\Software\Maven\mavendb\org\springframework\spring-core\5.3.1\spring-core-5.3.1.jar;D:\Software\Maven\mavendb\org\springframework\spring-jcl\5.3.1\spring-jcl-5.3.1.jar;D:\Software\Maven\mavendb\org\springframework\spring-test\5.3.1\spring-test-5.3.1.jar;D:\Software\Maven\mavendb\org\xmlunit\xmlunit-core\2.7.0\xmlunit-core-2.7.0.jar;"/>
    <property name="java.vm.vendor" value="Oracle Corporation"/>
    <property name="sun.arch.data.model" value="64"/>
    <property name="user.variant" value=""/>
    <property name="java.vendor.url" value="http://java.oracle.com/"/>
    <property name="user.timezone" value="Asia/Shanghai"/>
    <property name="java.vm.specification.version" value="1.8"/>
    <property name="os.name" value="Windows 10"/>
    <property name="user.country" value="CN"/>
    <property name="sun.java.launcher" value="SUN_STANDARD"/>
    <property name="sun.boot.library.path" value="C:\Program Files\Java\jdk1.8.0_211\jre\bin"/>
    <property name="sun.java.command" value="C:\Users\LXJ\AppData\Local\Temp\surefire7273461861687129441\surefirebooter6047781429711010246.jar C:\Users\LXJ\AppData\Local\Temp\surefire7273461861687129441 2020-11-18T21-57-45_734-jvmRun1 surefire7564741360922533312tmp surefire_01655956967217026593tmp"/>
    <property name="surefire.test.class.path" value="D:\MyCode\SuperSnail\snail\redis-02-springboot\target\test-classes;D:\MyCode\SuperSnail\snail\redis-02-springboot\target\classes;D:\Software\Maven\mavendb\org\springframework\boot\spring-boot-starter-data-redis\2.4.0\spring-boot-starter-data-redis-2.4.0.jar;D:\Software\Maven\mavendb\org\springframework\boot\spring-boot-starter\2.4.0\spring-boot-starter-2.4.0.jar;D:\Software\Maven\mavendb\org\springframework\boot\spring-boot-starter-logging\2.4.0\spring-boot-starter-logging-2.4.0.jar;D:\Software\Maven\mavendb\ch\qos\logback\logback-classic\1.2.3\logback-classic-1.2.3.jar;D:\Software\Maven\mavendb\ch\qos\logback\logback-core\1.2.3\logback-core-1.2.3.jar;D:\Software\Maven\mavendb\org\apache\logging\log4j\log4j-to-slf4j\2.13.3\log4j-to-slf4j-2.13.3.jar;D:\Software\Maven\mavendb\org\apache\logging\log4j\log4j-api\2.13.3\log4j-api-2.13.3.jar;D:\Software\Maven\mavendb\org\slf4j\jul-to-slf4j\1.7.30\jul-to-slf4j-1.7.30.jar;D:\Software\Maven\mavendb\jakarta\annotation\jakarta.annotation-api\1.3.5\jakarta.annotation-api-1.3.5.jar;D:\Software\Maven\mavendb\org\yaml\snakeyaml\1.27\snakeyaml-1.27.jar;D:\Software\Maven\mavendb\org\springframework\data\spring-data-redis\2.4.1\spring-data-redis-2.4.1.jar;D:\Software\Maven\mavendb\org\springframework\data\spring-data-keyvalue\2.4.1\spring-data-keyvalue-2.4.1.jar;D:\Software\Maven\mavendb\org\springframework\data\spring-data-commons\2.4.1\spring-data-commons-2.4.1.jar;D:\Software\Maven\mavendb\org\springframework\spring-tx\5.3.1\spring-tx-5.3.1.jar;D:\Software\Maven\mavendb\org\springframework\spring-oxm\5.3.1\spring-oxm-5.3.1.jar;D:\Software\Maven\mavendb\org\springframework\spring-aop\5.3.1\spring-aop-5.3.1.jar;D:\Software\Maven\mavendb\org\springframework\spring-context-support\5.3.1\spring-context-support-5.3.1.jar;D:\Software\Maven\mavendb\org\slf4j\slf4j-api\1.7.30\slf4j-api-1.7.30.jar;D:\Software\Maven\mavendb\io\lettuce\lettuce-core\6.0.1.RELEASE\lettuce-core-6.0.1.RELEASE.jar;D:\Software\Maven\mavendb\io\netty\netty-common\4.1.54.Final\netty-common-4.1.54.Final.jar;D:\Software\Maven\mavendb\io\netty\netty-handler\4.1.54.Final\netty-handler-4.1.54.Final.jar;D:\Software\Maven\mavendb\io\netty\netty-resolver\4.1.54.Final\netty-resolver-4.1.54.Final.jar;D:\Software\Maven\mavendb\io\netty\netty-buffer\4.1.54.Final\netty-buffer-4.1.54.Final.jar;D:\Software\Maven\mavendb\io\netty\netty-codec\4.1.54.Final\netty-codec-4.1.54.Final.jar;D:\Software\Maven\mavendb\io\netty\netty-transport\4.1.54.Final\netty-transport-4.1.54.Final.jar;D:\Software\Maven\mavendb\io\projectreactor\reactor-core\3.4.0\reactor-core-3.4.0.jar;D:\Software\Maven\mavendb\org\reactivestreams\reactive-streams\1.0.3\reactive-streams-1.0.3.jar;D:\Software\Maven\mavendb\org\springframework\boot\spring-boot-starter-web\2.4.0\spring-boot-starter-web-2.4.0.jar;D:\Software\Maven\mavendb\org\springframework\boot\spring-boot-starter-json\2.4.0\spring-boot-starter-json-2.4.0.jar;D:\Software\Maven\mavendb\com\fasterxml\jackson\core\jackson-databind\2.11.3\jackson-databind-2.11.3.jar;D:\Software\Maven\mavendb\com\fasterxml\jackson\core\jackson-annotations\2.11.3\jackson-annotations-2.11.3.jar;D:\Software\Maven\mavendb\com\fasterxml\jackson\core\jackson-core\2.11.3\jackson-core-2.11.3.jar;D:\Software\Maven\mavendb\com\fasterxml\jackson\datatype\jackson-datatype-jdk8\2.11.3\jackson-datatype-jdk8-2.11.3.jar;D:\Software\Maven\mavendb\com\fasterxml\jackson\datatype\jackson-datatype-jsr310\2.11.3\jackson-datatype-jsr310-2.11.3.jar;D:\Software\Maven\mavendb\com\fasterxml\jackson\module\jackson-module-parameter-names\2.11.3\jackson-module-parameter-names-2.11.3.jar;D:\Software\Maven\mavendb\org\springframework\boot\spring-boot-starter-tomcat\2.4.0\spring-boot-starter-tomcat-2.4.0.jar;D:\Software\Maven\mavendb\org\apache\tomcat\embed\tomcat-embed-core\9.0.39\tomcat-embed-core-9.0.39.jar;D:\Software\Maven\mavendb\org\glassfish\jakarta.el\3.0.3\jakarta.el-3.0.3.jar;D:\Software\Maven\mavendb\org\apache\tomcat\embed\tomcat-embed-websocket\9.0.39\tomcat-embed-websocket-9.0.39.jar;D:\Software\Maven\mavendb\org\springframework\spring-web\5.3.1\spring-web-5.3.1.jar;D:\Software\Maven\mavendb\org\springframework\spring-beans\5.3.1\spring-beans-5.3.1.jar;D:\Software\Maven\mavendb\org\springframework\spring-webmvc\5.3.1\spring-webmvc-5.3.1.jar;D:\Software\Maven\mavendb\org\springframework\spring-context\5.3.1\spring-context-5.3.1.jar;D:\Software\Maven\mavendb\org\springframework\spring-expression\5.3.1\spring-expression-5.3.1.jar;D:\Software\Maven\mavendb\org\springframework\boot\spring-boot-devtools\2.4.0\spring-boot-devtools-2.4.0.jar;D:\Software\Maven\mavendb\org\springframework\boot\spring-boot\2.4.0\spring-boot-2.4.0.jar;D:\Software\Maven\mavendb\org\springframework\boot\spring-boot-autoconfigure\2.4.0\spring-boot-autoconfigure-2.4.0.jar;D:\Software\Maven\mavendb\org\springframework\boot\spring-boot-configuration-processor\2.4.0\spring-boot-configuration-processor-2.4.0.jar;D:\Software\Maven\mavendb\org\projectlombok\lombok\1.18.16\lombok-1.18.16.jar;D:\Software\Maven\mavendb\org\springframework\boot\spring-boot-starter-test\2.4.0\spring-boot-starter-test-2.4.0.jar;D:\Software\Maven\mavendb\org\springframework\boot\spring-boot-test\2.4.0\spring-boot-test-2.4.0.jar;D:\Software\Maven\mavendb\org\springframework\boot\spring-boot-test-autoconfigure\2.4.0\spring-boot-test-autoconfigure-2.4.0.jar;D:\Software\Maven\mavendb\com\jayway\jsonpath\json-path\2.4.0\json-path-2.4.0.jar;D:\Software\Maven\mavendb\net\minidev\json-smart\2.3\json-smart-2.3.jar;D:\Software\Maven\mavendb\net\minidev\accessors-smart\1.2\accessors-smart-1.2.jar;D:\Software\Maven\mavendb\org\ow2\asm\asm\5.0.4\asm-5.0.4.jar;D:\Software\Maven\mavendb\jakarta\xml\bind\jakarta.xml.bind-api\2.3.3\jakarta.xml.bind-api-2.3.3.jar;D:\Software\Maven\mavendb\jakarta\activation\jakarta.activation-api\1.2.2\jakarta.activation-api-1.2.2.jar;D:\Software\Maven\mavendb\org\assertj\assertj-core\3.18.1\assertj-core-3.18.1.jar;D:\Software\Maven\mavendb\org\hamcrest\hamcrest\2.2\hamcrest-2.2.jar;D:\Software\Maven\mavendb\org\junit\jupiter\junit-jupiter\5.7.0\junit-jupiter-5.7.0.jar;D:\Software\Maven\mavendb\org\junit\jupiter\junit-jupiter-api\5.7.0\junit-jupiter-api-5.7.0.jar;D:\Software\Maven\mavendb\org\apiguardian\apiguardian-api\1.1.0\apiguardian-api-1.1.0.jar;D:\Software\Maven\mavendb\org\opentest4j\opentest4j\1.2.0\opentest4j-1.2.0.jar;D:\Software\Maven\mavendb\org\junit\platform\junit-platform-commons\1.7.0\junit-platform-commons-1.7.0.jar;D:\Software\Maven\mavendb\org\junit\jupiter\junit-jupiter-params\5.7.0\junit-jupiter-params-5.7.0.jar;D:\Software\Maven\mavendb\org\junit\jupiter\junit-jupiter-engine\5.7.0\junit-jupiter-engine-5.7.0.jar;D:\Software\Maven\mavendb\org\junit\platform\junit-platform-engine\1.7.0\junit-platform-engine-1.7.0.jar;D:\Software\Maven\mavendb\org\mockito\mockito-core\3.6.0\mockito-core-3.6.0.jar;D:\Software\Maven\mavendb\net\bytebuddy\byte-buddy\1.10.18\byte-buddy-1.10.18.jar;D:\Software\Maven\mavendb\net\bytebuddy\byte-buddy-agent\1.10.18\byte-buddy-agent-1.10.18.jar;D:\Software\Maven\mavendb\org\objenesis\objenesis\3.1\objenesis-3.1.jar;D:\Software\Maven\mavendb\org\mockito\mockito-junit-jupiter\3.6.0\mockito-junit-jupiter-3.6.0.jar;D:\Software\Maven\mavendb\org\skyscreamer\jsonassert\1.5.0\jsonassert-1.5.0.jar;D:\Software\Maven\mavendb\com\vaadin\external\google\android-json\0.0.20131108.vaadin1\android-json-0.0.20131108.vaadin1.jar;D:\Software\Maven\mavendb\org\springframework\spring-core\5.3.1\spring-core-5.3.1.jar;D:\Software\Maven\mavendb\org\springframework\spring-jcl\5.3.1\spring-jcl-5.3.1.jar;D:\Software\Maven\mavendb\org\springframework\spring-test\5.3.1\spring-test-5.3.1.jar;D:\Software\Maven\mavendb\org\xmlunit\xmlunit-core\2.7.0\xmlunit-core-2.7.0.jar;"/>
    <property name="sun.cpu.endian" value="little"/>
    <property name="user.home" value="C:\Users\LXJ"/>
    <property name="user.language" value="zh"/>
    <property name="java.specification.vendor" value="Oracle Corporation"/>
    <property name="java.home" value="C:\Program Files\Java\jdk1.8.0_211\jre"/>
    <property name="basedir" value="D:\MyCode\SuperSnail\snail\redis-02-springboot"/>
    <property name="file.separator" value="\"/>
    <property name="line.separator" value="&#10;"/>
    <property name="java.vm.specification.vendor" value="Oracle Corporation"/>
    <property name="java.specification.name" value="Java Platform API Specification"/>
    <property name="java.awt.graphicsenv" value="sun.awt.Win32GraphicsEnvironment"/>
    <property name="surefire.real.class.path" value="C:\Users\LXJ\AppData\Local\Temp\surefire7273461861687129441\surefirebooter6047781429711010246.jar"/>
    <property name="sun.boot.class.path" value="C:\Program Files\Java\jdk1.8.0_211\jre\lib\resources.jar;C:\Program Files\Java\jdk1.8.0_211\jre\lib\rt.jar;C:\Program Files\Java\jdk1.8.0_211\jre\lib\sunrsasign.jar;C:\Program Files\Java\jdk1.8.0_211\jre\lib\jsse.jar;C:\Program Files\Java\jdk1.8.0_211\jre\lib\jce.jar;C:\Program Files\Java\jdk1.8.0_211\jre\lib\charsets.jar;C:\Program Files\Java\jdk1.8.0_211\jre\lib\jfr.jar;C:\Program Files\Java\jdk1.8.0_211\jre\classes"/>
    <property name="user.script" value=""/>
    <property name="sun.management.compiler" value="HotSpot 64-Bit Tiered Compilers"/>
    <property name="java.runtime.version" value="1.8.0_211-b12"/>
    <property name="user.name" value="LXJ"/>
    <property name="path.separator" value=";"/>
    <property name="os.version" value="10.0"/>
    <property name="java.endorsed.dirs" value="C:\Program Files\Java\jdk1.8.0_211\jre\lib\endorsed"/>
    <property name="java.runtime.name" value="Java(TM) SE Runtime Environment"/>
    <property name="file.encoding" value="GBK"/>
    <property name="java.vm.name" value="Java HotSpot(TM) 64-Bit Server VM"/>
    <property name="idea.version2020.1" value="true"/>
    <property name="localRepository" value="D:\Software\Maven\mavendb"/>
    <property name="java.vendor.url.bug" value="http://bugreport.sun.com/bugreport/"/>
    <property name="java.io.tmpdir" value="C:\Users\LXJ\AppData\Local\Temp\"/>
    <property name="java.version" value="1.8.0_211"/>
    <property name="user.dir" value="D:\MyCode\SuperSnail\snail\redis-02-springboot"/>
    <property name="os.arch" value="amd64"/>
    <property name="java.vm.specification.name" value="Java Virtual Machine Specification"/>
    <property name="java.awt.printerjob" value="sun.awt.windows.WPrinterJob"/>
    <property name="sun.os.patch.level" value=""/>
    <property name="java.library.path" value="C:\Program Files\Java\jdk1.8.0_211\jre\bin;C:\WINDOWS\Sun\Java\bin;C:\WINDOWS\system32;C:\WINDOWS;D:\Software\Xshell\;D:\Software\Xftp\;C:\WINDOWS\system32;C:\WINDOWS;C:\WINDOWS\System32\Wbem;C:\WINDOWS\System32\WindowsPowerShell\v1.0\;C:\WINDOWS\System32\OpenSSH\;C:\Program Files\Java\jdk1.8.0_211\bin;C:\Program Files\Java\jdk1.8.0_211\jre\bin;C:\Program Files (x86)\Common Files\Oracle\Java\javapath;D:\Software\Git\cmd;C:\Program Files\TortoiseGit\bin;C:\Program Files\TortoiseSVN\bin;D:\Software\mysql-8.0.21-winx64\bin;D:\Software\mysql-8.0.21-winx64\bin\mysql;C:\Users\LXJ\AppData\Local\Microsoft\WindowsApps;;D:\Software\IntelliJ IDEA 2020.1\bin;;."/>
    <property name="java.vm.info" value="mixed mode"/>
    <property name="java.vendor" value="Oracle Corporation"/>
    <property name="java.vm.version" value="25.211-b12"/>
    <property name="java.ext.dirs" value="C:\Program Files\Java\jdk1.8.0_211\jre\lib\ext;C:\WINDOWS\Sun\Java\lib\ext"/>
    <property name="sun.io.unicode.encoding" value="UnicodeLittle"/>
    <property name="maven.repo.local" value="D:\Software\Maven\mavendb"/>
    <property name="java.class.version" value="52.0"/>
  </properties>
  <testcase name="testUser" classname="com.snail.Redis02SpringbootApplicationTests" time="12.914">
    <error message="Unable to connect to Redis; nested exception is io.lettuce.core.RedisConnectionException: Unable to connect to 192.168.150.128:6379" type="org.springframework.data.redis.RedisConnectionFailureException">org.springframework.data.redis.RedisConnectionFailureException: Unable to connect to Redis; nested exception is io.lettuce.core.RedisConnectionException: Unable to connect to 192.168.150.128:6379
	at com.snail.Redis02SpringbootApplicationTests.testUser(Redis02SpringbootApplicationTests.java:49)
Caused by: io.lettuce.core.RedisConnectionException: Unable to connect to 192.168.150.128:6379
	at com.snail.Redis02SpringbootApplicationTests.testUser(Redis02SpringbootApplicationTests.java:49)
Caused by: io.netty.channel.ConnectTimeoutException: connection timed out: /192.168.150.128:6379
</error>
    <system-out><![CDATA[21:57:47.710 [main] DEBUG org.springframework.test.context.BootstrapUtils - Instantiating CacheAwareContextLoaderDelegate from class [org.springframework.test.context.cache.DefaultCacheAwareContextLoaderDelegate]
21:57:47.734 [main] DEBUG org.springframework.test.context.BootstrapUtils - Instantiating BootstrapContext using constructor [public org.springframework.test.context.support.DefaultBootstrapContext(java.lang.Class,org.springframework.test.context.CacheAwareContextLoaderDelegate)]
21:57:47.799 [main] DEBUG org.springframework.test.context.BootstrapUtils - Instantiating TestContextBootstrapper for test class [com.snail.Redis02SpringbootApplicationTests] from class [org.springframework.boot.test.context.SpringBootTestContextBootstrapper]
21:57:47.877 [main] INFO org.springframework.boot.test.context.SpringBootTestContextBootstrapper - Neither @ContextConfiguration nor @ContextHierarchy found for test class [com.snail.Redis02SpringbootApplicationTests], using SpringBootContextLoader
21:57:47.889 [main] DEBUG org.springframework.test.context.support.AbstractContextLoader - Did not detect default resource location for test class [com.snail.Redis02SpringbootApplicationTests]: class path resource [com/snail/Redis02SpringbootApplicationTests-context.xml] does not exist
21:57:47.890 [main] DEBUG org.springframework.test.context.support.AbstractContextLoader - Did not detect default resource location for test class [com.snail.Redis02SpringbootApplicationTests]: class path resource [com/snail/Redis02SpringbootApplicationTestsContext.groovy] does not exist
21:57:47.900 [main] INFO org.springframework.test.context.support.AbstractContextLoader - Could not detect default resource locations for test class [com.snail.Redis02SpringbootApplicationTests]: no resource found for suffixes {-context.xml, Context.groovy}.
21:57:47.904 [main] INFO org.springframework.test.context.support.AnnotationConfigContextLoaderUtils - Could not detect default configuration classes for test class [com.snail.Redis02SpringbootApplicationTests]: Redis02SpringbootApplicationTests does not declare any static, non-private, non-final, nested classes annotated with @Configuration.
21:57:48.050 [main] DEBUG org.springframework.test.context.support.ActiveProfilesUtils - Could not find an 'annotation declaring class' for annotation type [org.springframework.test.context.ActiveProfiles] and class [com.snail.Redis02SpringbootApplicationTests]
21:57:48.203 [main] DEBUG org.springframework.context.annotation.ClassPathScanningCandidateComponentProvider - Identified candidate component class: file [D:\MyCode\SuperSnail\snail\redis-02-springboot\target\classes\com\snail\Redis02SpringbootApplication.class]
21:57:48.206 [main] INFO org.springframework.boot.test.context.SpringBootTestContextBootstrapper - Found @SpringBootConfiguration com.snail.Redis02SpringbootApplication for test class com.snail.Redis02SpringbootApplicationTests
21:57:48.366 [main] DEBUG org.springframework.boot.test.context.SpringBootTestContextBootstrapper - @TestExecutionListeners is not present for class [com.snail.Redis02SpringbootApplicationTests]: using defaults.
21:57:48.366 [main] INFO org.springframework.boot.test.context.SpringBootTestContextBootstrapper - Loaded default TestExecutionListener class names from location [META-INF/spring.factories]: [org.springframework.boot.test.mock.mockito.MockitoTestExecutionListener, org.springframework.boot.test.mock.mockito.ResetMocksTestExecutionListener, org.springframework.boot.test.autoconfigure.restdocs.RestDocsTestExecutionListener, org.springframework.boot.test.autoconfigure.web.client.MockRestServiceServerResetTestExecutionListener, org.springframework.boot.test.autoconfigure.web.servlet.MockMvcPrintOnlyOnFailureTestExecutionListener, org.springframework.boot.test.autoconfigure.web.servlet.WebDriverTestExecutionListener, org.springframework.boot.test.autoconfigure.webservices.client.MockWebServiceServerTestExecutionListener, org.springframework.test.context.web.ServletTestExecutionListener, org.springframework.test.context.support.DirtiesContextBeforeModesTestExecutionListener, org.springframework.test.context.support.DependencyInjectionTestExecutionListener, org.springframework.test.context.support.DirtiesContextTestExecutionListener, org.springframework.test.context.transaction.TransactionalTestExecutionListener, org.springframework.test.context.jdbc.SqlScriptsTestExecutionListener, org.springframework.test.context.event.EventPublishingTestExecutionListener]
21:57:48.392 [main] INFO org.springframework.boot.test.context.SpringBootTestContextBootstrapper - Using TestExecutionListeners: [org.springframework.test.context.web.ServletTestExecutionListener@6bbe85a8, org.springframework.test.context.support.DirtiesContextBeforeModesTestExecutionListener@3a7442c7, org.springframework.boot.test.mock.mockito.MockitoTestExecutionListener@4be29ed9, org.springframework.boot.test.autoconfigure.SpringBootDependencyInjectionTestExecutionListener@548d708a, org.springframework.test.context.support.DirtiesContextTestExecutionListener@4b013c76, org.springframework.test.context.transaction.TransactionalTestExecutionListener@53fb3dab, org.springframework.test.context.jdbc.SqlScriptsTestExecutionListener@cb0755b, org.springframework.test.context.event.EventPublishingTestExecutionListener@33065d67, org.springframework.boot.test.mock.mockito.ResetMocksTestExecutionListener@712625fd, org.springframework.boot.test.autoconfigure.restdocs.RestDocsTestExecutionListener@7bba5817, org.springframework.boot.test.autoconfigure.web.client.MockRestServiceServerResetTestExecutionListener@742ff096, org.springframework.boot.test.autoconfigure.web.servlet.MockMvcPrintOnlyOnFailureTestExecutionListener@75437611, org.springframework.boot.test.autoconfigure.web.servlet.WebDriverTestExecutionListener@350aac89, org.springframework.boot.test.autoconfigure.webservices.client.MockWebServiceServerTestExecutionListener@1c5920df]
21:57:48.396 [main] DEBUG org.springframework.test.context.support.AbstractDirtiesContextTestExecutionListener - Before test class: context [DefaultTestContext@5f049ea1 testClass = Redis02SpringbootApplicationTests, testInstance = [null], testMethod = [null], testException = [null], mergedContextConfiguration = [WebMergedContextConfiguration@72cc7e6f testClass = Redis02SpringbootApplicationTests, locations = '{}', classes = '{class com.snail.Redis02SpringbootApplication}', contextInitializerClasses = '[]', activeProfiles = '{}', propertySourceLocations = '{}', propertySourceProperties = '{org.springframework.boot.test.context.SpringBootTestContextBootstrapper=true}', contextCustomizers = set[org.springframework.boot.test.context.filter.ExcludeFilterContextCustomizer@72057ecf, org.springframework.boot.test.json.DuplicateJsonObjectContextCustomizerFactory$DuplicateJsonObjectContextCustomizer@1ab3a8c8, org.springframework.boot.test.mock.mockito.MockitoContextCustomizer@0, org.springframework.boot.test.web.client.TestRestTemplateContextCustomizer@6e20b53a, org.springframework.boot.test.web.reactive.server.WebTestClientContextCustomizer@6aba2b86, org.springframework.boot.test.autoconfigure.actuate.metrics.MetricsExportContextCustomizerFactory$DisableMetricExportContextCustomizer@5af3afd9, org.springframework.boot.test.autoconfigure.properties.PropertyMappingContextCustomizer@0, org.springframework.boot.test.autoconfigure.web.servlet.WebDriverContextCustomizerFactory$Customizer@5b239d7d, org.springframework.boot.test.context.SpringBootTestArgs@1, org.springframework.boot.test.context.SpringBootTestWebEnvironment@7c16905e], resourceBasePath = 'src/main/webapp', contextLoader = 'org.springframework.boot.test.context.SpringBootContextLoader', parent = [null]], attributes = map['org.springframework.test.context.web.ServletTestExecutionListener.activateListener' -> true]], class annotated with @DirtiesContext [false] with mode [null].
21:57:48.462 [main] DEBUG org.springframework.test.context.support.TestPropertySourceUtils - Adding inlined properties to environment: {spring.jmx.enabled=false, org.springframework.boot.test.context.SpringBootTestContextBootstrapper=true}

  .   ____          _            __ _ _
 /\\ / ___'_ __ _ _(_)_ __  __ _ \ \ \ \
( ( )\___ | '_ | '_| | '_ \/ _` | \ \ \ \
 \\/  ___)| |_)| | | | | || (_| |  ) ) ) )
  '  |____| .__|_| |_|_| |_\__, | / / / /
 =========|_|==============|___/=/_/_/_/
 :: Spring Boot ::                (v2.4.0)

2020-11-18 21:57:48.962  INFO 10652 --- [           main] c.s.Redis02SpringbootApplicationTests    : Starting Redis02SpringbootApplicationTests using Java 1.8.0_211 on DESKTOP-25O8ICA with PID 10652 (started by LXJ in D:\MyCode\SuperSnail\snail\redis-02-springboot)
2020-11-18 21:57:48.965  INFO 10652 --- [           main] c.s.Redis02SpringbootApplicationTests    : No active profile set, falling back to default profiles: default
2020-11-18 21:57:49.886  INFO 10652 --- [           main] .s.d.r.c.RepositoryConfigurationDelegate : Multiple Spring Data modules found, entering strict repository configuration mode!
2020-11-18 21:57:49.891  INFO 10652 --- [           main] .s.d.r.c.RepositoryConfigurationDelegate : Bootstrapping Spring Data Redis repositories in DEFAULT mode.
2020-11-18 21:57:49.915  INFO 10652 --- [           main] .s.d.r.c.RepositoryConfigurationDelegate : Finished Spring Data repository scanning in 8 ms. Found 0 Redis repository interfaces.
2020-11-18 21:57:52.417  INFO 10652 --- [           main] o.s.s.concurrent.ThreadPoolTaskExecutor  : Initializing ExecutorService 'applicationTaskExecutor'
2020-11-18 21:57:53.070  INFO 10652 --- [           main] c.s.Redis02SpringbootApplicationTests    : Started Redis02SpringbootApplicationTests in 4.587 seconds (JVM running for 6.787)
]]></system-out>
  </testcase>
  <testcase name="contextLoads" classname="com.snail.Redis02SpringbootApplicationTests" time="0.001"/>
</testsuite>